<?xml version="1.0" encoding="UTF-8"?>
<testsuite xmlns:xsi="http://www.w3.org/2001/XMLSchema-instance" xsi:noNamespaceSchemaLocation="https://maven.apache.org/surefire/maven-surefire-plugin/xsd/surefire-test-report.xsd" name="br.edu.fas.AppTest" time="0.027" tests="1" errors="0" skipped="0" failures="0">
  <properties>
    <property name="java.specification.version" value="14"/>
    <property name="sun.jnu.encoding" value="UTF-8"/>
    <property name="java.class.path" value="/Users/vitor.paiva/Projects/studies/igit/maven/archunit/archunit/target/test-classes:/Users/vitor.paiva/Projects/studies/igit/maven/archunit/archunit/target/classes:/Users/vitor.paiva/.m2/repository/junit/junit/4.11/junit-4.11.jar:/Users/vitor.paiva/.m2/repository/org/hamcrest/hamcrest-core/1.3/hamcrest-core-1.3.jar:/Users/vitor.paiva/.m2/repository/com/tngtech/archunit/archunit/0.19.0/archunit-0.19.0.jar:/Users/vitor.paiva/.m2/repository/org/slf4j/slf4j-api/1.7.30/slf4j-api-1.7.30.jar:/Users/vitor.paiva/.m2/repository/com/tngtech/archunit/archunit-junit4/0.19.0/archunit-junit4-0.19.0.jar:"/>
    <property name="java.vm.vendor" value="Oracle Corporation"/>
    <property name="sun.arch.data.model" value="64"/>
    <property name="java.vendor.url" value="https://java.oracle.com/"/>
    <property name="os.name" value="Mac OS X"/>
    <property name="java.vm.specification.version" value="14"/>
    <property name="sun.java.launcher" value="SUN_STANDARD"/>
    <property name="user.country" value="BR"/>
    <property name="sun.boot.library.path" value="/Users/vitor.paiva/.sdkman/candidates/java/14.0.2-open/lib"/>
    <property name="sun.java.command" value="/Users/vitor.paiva/Projects/studies/igit/maven/archunit/archunit/target/surefire/surefirebooter17405664937875323520.jar /Users/vitor.paiva/Projects/studies/igit/maven/archunit/archunit/target/surefire 2021-06-03T18-01-24_886-jvmRun1 surefire9199130297705851534tmp surefire_04275100462113283328tmp"/>
    <property name="http.nonProxyHosts" value="local|*.local|169.254/16|*.169.254/16"/>
    <property name="jdk.debug" value="release"/>
    <property name="surefire.test.class.path" value="/Users/vitor.paiva/Projects/studies/igit/maven/archunit/archunit/target/test-classes:/Users/vitor.paiva/Projects/studies/igit/maven/archunit/archunit/target/classes:/Users/vitor.paiva/.m2/repository/junit/junit/4.11/junit-4.11.jar:/Users/vitor.paiva/.m2/repository/org/hamcrest/hamcrest-core/1.3/hamcrest-core-1.3.jar:/Users/vitor.paiva/.m2/repository/com/tngtech/archunit/archunit/0.19.0/archunit-0.19.0.jar:/Users/vitor.paiva/.m2/repository/org/slf4j/slf4j-api/1.7.30/slf4j-api-1.7.30.jar:/Users/vitor.paiva/.m2/repository/com/tngtech/archunit/archunit-junit4/0.19.0/archunit-junit4-0.19.0.jar:"/>
    <property name="sun.cpu.endian" value="little"/>
    <property name="user.home" value="/Users/vitor.paiva"/>
    <property name="user.language" value="pt"/>
    <property name="java.specification.vendor" value="Oracle Corporation"/>
    <property name="java.version.date" value="2020-07-14"/>
    <property name="java.home" value="/Users/vitor.paiva/.sdkman/candidates/java/14.0.2-open"/>
    <property name="file.separator" value="/"/>
    <property name="basedir" value="/Users/vitor.paiva/Projects/studies/igit/maven/archunit/archunit"/>
    <property name="java.vm.compressedOopsMode" value="Zero based"/>
    <property name="line.separator" value="&#10;"/>
    <property name="java.specification.name" value="Java Platform API Specification"/>
    <property name="java.vm.specification.vendor" value="Oracle Corporation"/>
    <property name="surefire.real.class.path" value="/Users/vitor.paiva/Projects/studies/igit/maven/archunit/archunit/target/surefire/surefirebooter17405664937875323520.jar"/>
    <property name="sun.management.compiler" value="HotSpot 64-Bit Tiered Compilers"/>
    <property name="ftp.nonProxyHosts" value="local|*.local|169.254/16|*.169.254/16"/>
    <property name="java.runtime.version" value="14.0.2+12-46"/>
    <property name="user.name" value="vitor.paiva"/>
    <property name="path.separator" value=":"/>
    <property name="os.version" value="10.16"/>
    <property name="java.runtime.name" value="OpenJDK Runtime Environment"/>
    <property name="file.encoding" value="UTF-8"/>
    <property name="java.vm.name" value="OpenJDK 64-Bit Server VM"/>
    <property name="localRepository" value="/Users/vitor.paiva/.m2/repository"/>
    <property name="java.vendor.url.bug" value="https://bugreport.java.com/bugreport/"/>
    <property name="java.io.tmpdir" value="/var/folders/cy/j8_5b04x1m96g2qp1210zvnh0000gn/T/"/>
    <property name="java.version" value="14.0.2"/>
    <property name="user.dir" value="/Users/vitor.paiva/Projects/studies/igit/maven/archunit/archunit"/>
    <property name="os.arch" value="x86_64"/>
    <property name="java.vm.specification.name" value="Java Virtual Machine Specification"/>
    <property name="java.library.path" value="/Users/vitor.paiva/Library/Java/Extensions:/Library/Java/Extensions:/Network/Library/Java/Extensions:/System/Library/Java/Extensions:/usr/lib/java:."/>
    <property name="java.vm.info" value="mixed mode, sharing"/>
    <property name="java.vendor" value="Oracle Corporation"/>
    <property name="java.vm.version" value="14.0.2+12-46"/>
    <property name="sun.io.unicode.encoding" value="UnicodeBig"/>
    <property name="socksNonProxyHosts" value="local|*.local|169.254/16|*.169.254/16"/>
    <property name="java.class.version" value="58.0"/>
  </properties>
  <testcase name="shouldAnswerWithTrue" classname="br.edu.fas.AppTest" time="0.001"/>
</testsuite>